c:\users\ponys\documents\visual studio 2015\projects\interoptask1.net\com.c++\debug\com.c++.pch
c:\users\ponys\documents\visual studio 2015\projects\interoptask1.net\com.c++\debug\vc140.pdb
c:\users\ponys\documents\visual studio 2015\projects\interoptask1.net\com.c++\debug\vc140.idb
c:\users\ponys\documents\visual studio 2015\projects\interoptask1.net\com.c++\debug\stdafx.obj
c:\users\ponys\documents\visual studio 2015\projects\interoptask1.net\com.c++\debug\button.obj
c:\users\ponys\documents\visual studio 2015\projects\interoptask1.net\com.c++\debug\com.c++.obj
c:\users\ponys\documents\visual studio 2015\projects\interoptask1.net\com.c++\debug\interoptask.obj
c:\users\ponys\documents\visual studio 2015\projects\interoptask1.net\com.c++\debug\mywin32window.obj
c:\users\ponys\documents\visual studio 2015\projects\interoptask1.net\com.c++\debug\win32main.obj
c:\users\ponys\documents\visual studio 2015\projects\interoptask1.net\com.c++\debug\comc_i.obj
c:\users\ponys\documents\visual studio 2015\projects\interoptask1.net\com.c++\debug\dllmain.obj
c:\users\ponys\documents\visual studio 2015\projects\interoptask1.net\debug\com.c++.lib
c:\users\ponys\documents\visual studio 2015\projects\interoptask1.net\debug\com.c++.exp
c:\users\ponys\documents\visual studio 2015\projects\interoptask1.net\debug\com.c++.ilk
c:\users\ponys\documents\visual studio 2015\projects\interoptask1.net\debug\com.c++.dll
c:\users\ponys\documents\visual studio 2015\projects\interoptask1.net\debug\com.c++.pdb
c:\users\ponys\documents\visual studio 2015\projects\interoptask1.net\com.c++\debug\comc.tlb
c:\users\ponys\documents\visual studio 2015\projects\interoptask1.net\com.c++\comc_p.c
c:\users\ponys\documents\visual studio 2015\projects\interoptask1.net\com.c++\comc_i.c
c:\users\ponys\documents\visual studio 2015\projects\interoptask1.net\com.c++\comc_i.h
c:\users\ponys\documents\visual studio 2015\projects\interoptask1.net\com.c++\debug\com.c++.res
c:\users\ponys\documents\visual studio 2015\projects\interoptask1.net\com.c++\debug\com.c++.vcxprojresolveassemblyreference.cache
c:\users\ponys\documents\visual studio 2015\projects\interoptask1.net\com.c++\debug\interoptask1.net.tli
c:\users\ponys\documents\visual studio 2015\projects\interoptask1.net\com.c++\debug\interoptask1.net.tlh
c:\users\ponys\documents\visual studio 2015\projects\interoptask1.net\com.c++\debug\com.c++.tlog\cl.command.1.tlog
c:\users\ponys\documents\visual studio 2015\projects\interoptask1.net\com.c++\debug\com.c++.tlog\cl.read.1.tlog
c:\users\ponys\documents\visual studio 2015\projects\interoptask1.net\com.c++\debug\com.c++.tlog\cl.write.1.tlog
c:\users\ponys\documents\visual studio 2015\projects\interoptask1.net\com.c++\debug\com.c++.tlog\com.c++.write.1u.tlog
c:\users\ponys\documents\visual studio 2015\projects\interoptask1.net\com.c++\debug\com.c++.tlog\link.command.1.tlog
c:\users\ponys\documents\visual studio 2015\projects\interoptask1.net\com.c++\debug\com.c++.tlog\link.read.1.tlog
c:\users\ponys\documents\visual studio 2015\projects\interoptask1.net\com.c++\debug\com.c++.tlog\link.write.1.tlog
c:\users\ponys\documents\visual studio 2015\projects\interoptask1.net\com.c++\debug\com.c++.tlog\midl.command.1.tlog
c:\users\ponys\documents\visual studio 2015\projects\interoptask1.net\com.c++\debug\com.c++.tlog\midl.read.1.tlog
c:\users\ponys\documents\visual studio 2015\projects\interoptask1.net\com.c++\debug\com.c++.tlog\midl.write.1.tlog
c:\users\ponys\documents\visual studio 2015\projects\interoptask1.net\com.c++\debug\com.c++.tlog\rc.command.1.tlog
c:\users\ponys\documents\visual studio 2015\projects\interoptask1.net\com.c++\debug\com.c++.tlog\rc.read.1.tlog
c:\users\ponys\documents\visual studio 2015\projects\interoptask1.net\com.c++\debug\com.c++.tlog\rc.write.1.tlog
